<?xml version="1.0" encoding="UTF-8"?>
<!-- Generated by org.testng.reporters.JUnitReportReporter -->
<testsuite hostname="FDC-PC" failures="0" tests="1" name="Tes.b" time="0.029" errors="0" timestamp="26 Jun 2023 10:09:21 GMT" skipped="0">
  <testcase classname="Tes.b" name="run1" time="0.029"/>
</testsuite> <!-- Tes.b -->
