<?xml version="1.0" encoding="UTF-8"?>
<!-- Generated by org.testng.reporters.JUnitReportReporter -->
<testsuite hostname="FDC-PC" failures="0" tests="1" name="Tes.Api" time="0.011" errors="0" timestamp="24 Jun 2023 07:17:03 GMT" skipped="0">
  <testcase classname="Tes.Api" name="zero" time="0.011"/>
</testsuite> <!-- Tes.Api -->
