<?xml version="1.0" encoding="UTF-8"?>
<!-- Generated by org.testng.reporters.JUnitReportReporter -->
<testsuite hostname="FDC-PC" failures="0" tests="1" name="Tes.Driv" time="0.814" errors="0" timestamp="28 Jun 2023 06:57:56 GMT" skipped="0">
  <testcase classname="Tes.Driv" name="run" time="0.814"/>
</testsuite> <!-- Tes.Driv -->
