<?xml version="1.0" encoding="UTF-8"?>
<!-- Generated by org.testng.reporters.JUnitReportReporter -->
<testsuite skipped="0" hostname="FDC-PC" name="Tes.Driv" tests="1" failures="0" timestamp="23 Jun 2023 11:22:44 GMT" time="2.215" errors="0">
  <testcase name="run" time="2.215" classname="Tes.Driv"/>
</testsuite> <!-- Tes.Driv -->
