<?xml version="1.0" encoding="UTF-8"?>
<!-- Generated by org.testng.reporters.JUnitReportReporter -->
<testsuite skipped="1" hostname="FDC-PC" name="Tes.Liss" tests="2" failures="0" timestamp="23 Jun 2023 11:19:07 GMT" time="0.333" errors="0">
  <testcase name="run" time="0.330" classname="Tes.Liss">
    <skipped/>
  </testcase> <!-- run -->
  <testcase name="fun" time="0.003" classname="Tes.Liss"/>
</testsuite> <!-- Tes.Liss -->
